2020-02-04 10:38:18.099  INFO 3924 --- [restartedMain] t.h.community.CommunityApplication       : Starting CommunityApplication on LAPTOP-L0GNTSJI with PID 3924 (F:\java-study\code\target\classes started by zhanghaoyu in F:\java-study\code)
2020-02-04 10:38:18.100  INFO 3924 --- [restartedMain] t.h.community.CommunityApplication       : No active profile set, falling back to default profiles: default
2020-02-04 10:38:18.424  INFO 3924 --- [restartedMain] ationConfigEmbeddedWebApplicationContext : Refreshing org.springframework.boot.context.embedded.AnnotationConfigEmbeddedWebApplicationContext@6f615b09: startup date [Tue Feb 04 10:38:18 GMT+08:00 2020]; root of context hierarchy
2020-02-04 10:38:20.026  INFO 3924 --- [restartedMain] s.b.c.e.t.TomcatEmbeddedServletContainer : Tomcat initialized with port(s): 8887 (http)
2020-02-04 10:38:20.038  INFO 3924 --- [restartedMain] o.apache.catalina.core.StandardService   : Starting service [Tomcat]
2020-02-04 10:38:20.040  INFO 3924 --- [restartedMain] org.apache.catalina.core.StandardEngine  : Starting Servlet Engine: Apache Tomcat/8.5.20
2020-02-04 10:38:20.185  INFO 3924 --- [localhost-startStop-1] o.a.c.c.C.[Tomcat].[localhost].[/]       : Initializing Spring embedded WebApplicationContext
2020-02-04 10:38:20.185  INFO 3924 --- [localhost-startStop-1] o.s.web.context.ContextLoader            : Root WebApplicationContext: initialization completed in 1764 ms
2020-02-04 10:38:20.382  INFO 3924 --- [localhost-startStop-1] o.s.b.w.servlet.ServletRegistrationBean  : Mapping servlet: 'dispatcherServlet' to [/]
2020-02-04 10:38:20.384  INFO 3924 --- [localhost-startStop-1] o.s.b.w.servlet.ServletRegistrationBean  : Mapping servlet: 'webServlet' to [/h2-console/*]
2020-02-04 10:38:20.388  INFO 3924 --- [localhost-startStop-1] o.s.b.w.servlet.FilterRegistrationBean   : Mapping filter: 'characterEncodingFilter' to: [/*]
2020-02-04 10:38:20.389  INFO 3924 --- [localhost-startStop-1] o.s.b.w.servlet.FilterRegistrationBean   : Mapping filter: 'hiddenHttpMethodFilter' to: [/*]
2020-02-04 10:38:20.389  INFO 3924 --- [localhost-startStop-1] o.s.b.w.servlet.FilterRegistrationBean   : Mapping filter: 'httpPutFormContentFilter' to: [/*]
2020-02-04 10:38:20.389  INFO 3924 --- [localhost-startStop-1] o.s.b.w.servlet.FilterRegistrationBean   : Mapping filter: 'requestContextFilter' to: [/*]
2020-02-04 10:38:21.039  INFO 3924 --- [restartedMain] s.w.s.m.m.a.RequestMappingHandlerAdapter : Looking for @ControllerAdvice: org.springframework.boot.context.embedded.AnnotationConfigEmbeddedWebApplicationContext@6f615b09: startup date [Tue Feb 04 10:38:18 GMT+08:00 2020]; root of context hierarchy
2020-02-04 10:38:21.114  INFO 3924 --- [restartedMain] s.w.s.m.m.a.RequestMappingHandlerMapping : Mapped "{[/callback],methods=[GET]}" onto public java.lang.String top.hiasenna.community.controller.AuthorizeController.callback(java.lang.String,java.lang.String,javax.servlet.http.HttpServletResponse)
2020-02-04 10:38:21.115  INFO 3924 --- [restartedMain] s.w.s.m.m.a.RequestMappingHandlerMapping : Mapped "{[/logout],methods=[GET]}" onto public java.lang.String top.hiasenna.community.controller.AuthorizeController.logout(javax.servlet.http.HttpServletRequest,javax.servlet.http.HttpServletResponse)
2020-02-04 10:38:21.115  INFO 3924 --- [restartedMain] s.w.s.m.m.a.RequestMappingHandlerMapping : Mapped "{[/comment/{id}],methods=[GET]}" onto public top.hiasenna.community.dto.ResultDTO<java.util.List> top.hiasenna.community.controller.CommentController.comments(java.lang.Long)
2020-02-04 10:38:21.116  INFO 3924 --- [restartedMain] s.w.s.m.m.a.RequestMappingHandlerMapping : Mapped "{[/comment],methods=[POST]}" onto public java.lang.Object top.hiasenna.community.controller.CommentController.post(top.hiasenna.community.dto.CommentCreateDTO,javax.servlet.http.HttpServletRequest)
2020-02-04 10:38:21.117  INFO 3924 --- [restartedMain] s.w.s.m.m.a.RequestMappingHandlerMapping : Mapped "{[/error],produces=[text/html]}" onto public org.springframework.web.servlet.ModelAndView top.hiasenna.community.controller.CustomizeErrorController.errorHtml(javax.servlet.http.HttpServletRequest,org.springframework.ui.Model)
2020-02-04 10:38:21.117  INFO 3924 --- [restartedMain] s.w.s.m.m.a.RequestMappingHandlerMapping : Mapped "{[/file/upload]}" onto public top.hiasenna.community.dto.FileDTO top.hiasenna.community.controller.FileController.upload(javax.servlet.http.HttpServletRequest)
2020-02-04 10:38:21.118  INFO 3924 --- [restartedMain] s.w.s.m.m.a.RequestMappingHandlerMapping : Mapped "{[/],methods=[GET]}" onto public java.lang.String top.hiasenna.community.controller.IndexController.index(javax.servlet.http.HttpServletRequest,org.springframework.ui.Model,java.lang.Integer,java.lang.Integer,java.lang.String)
2020-02-04 10:38:21.118  INFO 3924 --- [restartedMain] s.w.s.m.m.a.RequestMappingHandlerMapping : Mapped "{[/notification/{id}],methods=[GET]}" onto public java.lang.String top.hiasenna.community.controller.NotificationController.profile(javax.servlet.http.HttpServletRequest,java.lang.Long)
2020-02-04 10:38:21.118  INFO 3924 --- [restartedMain] s.w.s.m.m.a.RequestMappingHandlerMapping : Mapped "{[/profile/{action}],methods=[GET]}" onto public java.lang.String top.hiasenna.community.controller.ProfileController.profile(javax.servlet.http.HttpServletRequest,java.lang.String,org.springframework.ui.Model,java.lang.Integer,java.lang.Integer)
2020-02-04 10:38:21.120  INFO 3924 --- [restartedMain] s.w.s.m.m.a.RequestMappingHandlerMapping : Mapped "{[/publish],methods=[GET]}" onto public java.lang.String top.hiasenna.community.controller.PublishController.publish(org.springframework.ui.Model)
2020-02-04 10:38:21.120  INFO 3924 --- [restartedMain] s.w.s.m.m.a.RequestMappingHandlerMapping : Mapped "{[/publish/{id}],methods=[GET]}" onto public java.lang.String top.hiasenna.community.controller.PublishController.edit(java.lang.Long,org.springframework.ui.Model)
2020-02-04 10:38:21.120  INFO 3924 --- [restartedMain] s.w.s.m.m.a.RequestMappingHandlerMapping : Mapped "{[/publish],methods=[POST]}" onto public java.lang.String top.hiasenna.community.controller.PublishController.doPublish(java.lang.String,java.lang.String,java.lang.Long,java.lang.String,javax.servlet.http.HttpServletRequest,org.springframework.ui.Model)
2020-02-04 10:38:21.121  INFO 3924 --- [restartedMain] s.w.s.m.m.a.RequestMappingHandlerMapping : Mapped "{[/question/{id}],methods=[GET]}" onto public java.lang.String top.hiasenna.community.controller.QuestionController.question(java.lang.Long,org.springframework.ui.Model)
2020-02-04 10:38:21.147  INFO 3924 --- [restartedMain] o.s.w.s.handler.SimpleUrlHandlerMapping  : Mapped URL path [/webjars/**] onto handler of type [class org.springframework.web.servlet.resource.ResourceHttpRequestHandler]
2020-02-04 10:38:21.148  INFO 3924 --- [restartedMain] o.s.w.s.handler.SimpleUrlHandlerMapping  : Mapped URL path [/**] onto handler of type [class org.springframework.web.servlet.resource.ResourceHttpRequestHandler]
2020-02-04 10:38:21.161  INFO 3924 --- [restartedMain] .m.m.a.ExceptionHandlerExceptionResolver : Detected @ExceptionHandler methods in customizeExceptionHandler
2020-02-04 10:38:21.180  INFO 3924 --- [restartedMain] o.s.w.s.handler.SimpleUrlHandlerMapping  : Mapped URL path [/**/favicon.ico] onto handler of type [class org.springframework.web.servlet.resource.ResourceHttpRequestHandler]
2020-02-04 10:38:21.809  INFO 3924 --- [restartedMain] o.s.b.d.a.OptionalLiveReloadServer       : LiveReload server is running on port 35729
2020-02-04 10:38:21.861  INFO 3924 --- [restartedMain] o.s.j.e.a.AnnotationMBeanExporter        : Registering beans for JMX exposure on startup
2020-02-04 10:38:21.928  INFO 3924 --- [restartedMain] s.b.c.e.t.TomcatEmbeddedServletContainer : Tomcat started on port(s): 8887 (http)
2020-02-04 10:38:21.934  INFO 3924 --- [restartedMain] t.h.community.CommunityApplication       : Started CommunityApplication in 4.187 seconds (JVM running for 6.965)
2020-02-04 10:38:37.154  INFO 3924 --- [http-nio-8887-exec-1] o.a.c.c.C.[Tomcat].[localhost].[/]       : Initializing Spring FrameworkServlet 'dispatcherServlet'
2020-02-04 10:38:37.191  INFO 3924 --- [http-nio-8887-exec-1] o.s.web.servlet.DispatcherServlet        : FrameworkServlet 'dispatcherServlet': initialization started
2020-02-04 10:38:37.216  INFO 3924 --- [http-nio-8887-exec-1] o.s.web.servlet.DispatcherServlet        : FrameworkServlet 'dispatcherServlet': initialization completed in 25 ms
2020-02-04 10:38:37.404 DEBUG 3924 --- [http-nio-8887-exec-1] t.h.c.m.QuestionExtMapper.countBySearch  : ==>  Preparing: select count(*) from QUESTION 
2020-02-04 10:38:37.423 DEBUG 3924 --- [http-nio-8887-exec-1] t.h.c.m.QuestionExtMapper.countBySearch  : ==> Parameters: 
2020-02-04 10:38:37.439 DEBUG 3924 --- [http-nio-8887-exec-1] t.h.c.m.QuestionExtMapper.countBySearch  : <==      Total: 1
2020-02-04 10:38:37.443 DEBUG 3924 --- [http-nio-8887-exec-1] t.h.c.m.Q.selectBySearch                 : ==>  Preparing: select * from QUESTION order by gmt_create desc limit ?,? 
2020-02-04 10:38:37.445 DEBUG 3924 --- [http-nio-8887-exec-1] t.h.c.m.Q.selectBySearch                 : ==> Parameters: 0(Integer), 4(Integer)
2020-02-04 10:38:37.452 DEBUG 3924 --- [http-nio-8887-exec-1] t.h.c.m.Q.selectBySearch                 : <==      Total: 4
2020-02-04 10:38:37.452 DEBUG 3924 --- [http-nio-8887-exec-1] t.h.c.m.UserMapper.selectByPrimaryKey    : ==>  Preparing: select ID, ACCOUNT_ID, NAME, TOKEN, GMT_CREATE, GMT_MODIFIED, BIO, AVATAR_URL from USER where ID = ? 
2020-02-04 10:38:37.454 DEBUG 3924 --- [http-nio-8887-exec-1] t.h.c.m.UserMapper.selectByPrimaryKey    : ==> Parameters: 680(Long)
2020-02-04 10:38:37.456 DEBUG 3924 --- [http-nio-8887-exec-1] t.h.c.m.UserMapper.selectByPrimaryKey    : <==      Total: 1
2020-02-04 10:38:37.463 DEBUG 3924 --- [http-nio-8887-exec-1] t.h.c.m.UserMapper.selectByPrimaryKey    : ==>  Preparing: select ID, ACCOUNT_ID, NAME, TOKEN, GMT_CREATE, GMT_MODIFIED, BIO, AVATAR_URL from USER where ID = ? 
2020-02-04 10:38:37.463 DEBUG 3924 --- [http-nio-8887-exec-1] t.h.c.m.UserMapper.selectByPrimaryKey    : ==> Parameters: 680(Long)
2020-02-04 10:38:37.463 DEBUG 3924 --- [http-nio-8887-exec-1] t.h.c.m.UserMapper.selectByPrimaryKey    : <==      Total: 1
2020-02-04 10:38:37.464 DEBUG 3924 --- [http-nio-8887-exec-1] t.h.c.m.UserMapper.selectByPrimaryKey    : ==>  Preparing: select ID, ACCOUNT_ID, NAME, TOKEN, GMT_CREATE, GMT_MODIFIED, BIO, AVATAR_URL from USER where ID = ? 
2020-02-04 10:38:37.464 DEBUG 3924 --- [http-nio-8887-exec-1] t.h.c.m.UserMapper.selectByPrimaryKey    : ==> Parameters: 680(Long)
2020-02-04 10:38:37.465 DEBUG 3924 --- [http-nio-8887-exec-1] t.h.c.m.UserMapper.selectByPrimaryKey    : <==      Total: 1
2020-02-04 10:38:37.465 DEBUG 3924 --- [http-nio-8887-exec-1] t.h.c.m.UserMapper.selectByPrimaryKey    : ==>  Preparing: select ID, ACCOUNT_ID, NAME, TOKEN, GMT_CREATE, GMT_MODIFIED, BIO, AVATAR_URL from USER where ID = ? 
2020-02-04 10:38:37.465 DEBUG 3924 --- [http-nio-8887-exec-1] t.h.c.m.UserMapper.selectByPrimaryKey    : ==> Parameters: 680(Long)
2020-02-04 10:38:37.466 DEBUG 3924 --- [http-nio-8887-exec-1] t.h.c.m.UserMapper.selectByPrimaryKey    : <==      Total: 1
2020-02-04 10:39:35.923 DEBUG 3924 --- [http-nio-8887-exec-9] t.h.c.m.Q.selectByPrimaryKey             : ==>  Preparing: select ID, TITLE, GMT_CREATE, GMT_MODIFIED, CREATOR, COMMENT_COUNT, VIEW_COUNT, LIKE_COUNT, TAG , DESCRIPTION from QUESTION where ID = ? 
2020-02-04 10:39:35.925 DEBUG 3924 --- [http-nio-8887-exec-9] t.h.c.m.Q.selectByPrimaryKey             : ==> Parameters: 102(Long)
2020-02-04 10:39:35.927 DEBUG 3924 --- [http-nio-8887-exec-9] t.h.c.m.Q.selectByPrimaryKey             : <==      Total: 1
2020-02-04 10:39:35.928 DEBUG 3924 --- [http-nio-8887-exec-9] t.h.c.m.UserMapper.selectByPrimaryKey    : ==>  Preparing: select ID, ACCOUNT_ID, NAME, TOKEN, GMT_CREATE, GMT_MODIFIED, BIO, AVATAR_URL from USER where ID = ? 
2020-02-04 10:39:35.929 DEBUG 3924 --- [http-nio-8887-exec-9] t.h.c.m.UserMapper.selectByPrimaryKey    : ==> Parameters: 680(Long)
2020-02-04 10:39:35.930 DEBUG 3924 --- [http-nio-8887-exec-9] t.h.c.m.UserMapper.selectByPrimaryKey    : <==      Total: 1
2020-02-04 10:39:35.931 DEBUG 3924 --- [http-nio-8887-exec-9] t.h.c.m.QuestionExtMapper.selectRelated  : ==>  Preparing: select * from QUESTION WHERE id != ? and tag regexp ? order by gmt_create desc limit 20 
2020-02-04 10:39:35.933 DEBUG 3924 --- [http-nio-8887-exec-9] t.h.c.m.QuestionExtMapper.selectRelated  : ==> Parameters: 102(Long), java(String)
2020-02-04 10:39:35.935 DEBUG 3924 --- [http-nio-8887-exec-9] t.h.c.m.QuestionExtMapper.selectRelated  : <==      Total: 8
2020-02-04 10:39:35.957 DEBUG 3924 --- [http-nio-8887-exec-9] t.h.c.m.CommentMapper.selectByExample    : ==>  Preparing: select ID, PARENT_ID, TYPE, COMMENTATOR, GMT_CREATE, GMT_MODIFIED, LIKE_COUNT, CONTENT, COMMENT_COUNT from COMMENT WHERE ( PARENT_ID = ? and TYPE = ? ) order by gmt_create desc 
2020-02-04 10:39:35.958 DEBUG 3924 --- [http-nio-8887-exec-9] t.h.c.m.CommentMapper.selectByExample    : ==> Parameters: 102(Long), 1(Integer)
2020-02-04 10:39:35.959 DEBUG 3924 --- [http-nio-8887-exec-9] t.h.c.m.CommentMapper.selectByExample    : <==      Total: 1
2020-02-04 10:39:35.963 DEBUG 3924 --- [http-nio-8887-exec-9] t.h.c.mapper.UserMapper.selectByExample  : ==>  Preparing: select ID, ACCOUNT_ID, NAME, TOKEN, GMT_CREATE, GMT_MODIFIED, BIO, AVATAR_URL from USER WHERE ( ID in ( ? ) ) 
2020-02-04 10:39:35.965 DEBUG 3924 --- [http-nio-8887-exec-9] t.h.c.mapper.UserMapper.selectByExample  : ==> Parameters: 680(Long)
2020-02-04 10:39:35.966 DEBUG 3924 --- [http-nio-8887-exec-9] t.h.c.mapper.UserMapper.selectByExample  : <==      Total: 1
2020-02-04 10:39:35.976 DEBUG 3924 --- [http-nio-8887-exec-9] t.h.c.mapper.QuestionExtMapper.incView   : ==>  Preparing: update QUESTION set VIEW_COUNT = VIEW_COUNT + ? where id = ? 
2020-02-04 10:39:35.978 DEBUG 3924 --- [http-nio-8887-exec-9] t.h.c.mapper.QuestionExtMapper.incView   : ==> Parameters: 1(Integer), 102(Long)
2020-02-04 10:39:35.983 DEBUG 3924 --- [http-nio-8887-exec-9] t.h.c.mapper.QuestionExtMapper.incView   : <==    Updates: 1
2020-02-04 10:41:35.077  INFO 216 --- [restartedMain] t.h.community.CommunityApplication       : Starting CommunityApplication on LAPTOP-L0GNTSJI with PID 216 (F:\java-study\code\target\classes started by zhanghaoyu in F:\java-study\code)
2020-02-04 10:41:35.078  INFO 216 --- [restartedMain] t.h.community.CommunityApplication       : No active profile set, falling back to default profiles: default
2020-02-04 10:41:35.280  INFO 216 --- [restartedMain] ationConfigEmbeddedWebApplicationContext : Refreshing org.springframework.boot.context.embedded.AnnotationConfigEmbeddedWebApplicationContext@350a4716: startup date [Tue Feb 04 10:41:35 GMT+08:00 2020]; root of context hierarchy
2020-02-04 10:41:36.814  INFO 216 --- [restartedMain] s.b.c.e.t.TomcatEmbeddedServletContainer : Tomcat initialized with port(s): 8887 (http)
2020-02-04 10:41:36.822  INFO 216 --- [restartedMain] o.apache.catalina.core.StandardService   : Starting service [Tomcat]
2020-02-04 10:41:36.823  INFO 216 --- [restartedMain] org.apache.catalina.core.StandardEngine  : Starting Servlet Engine: Apache Tomcat/8.5.20
2020-02-04 10:41:36.964  INFO 216 --- [localhost-startStop-1] o.a.c.c.C.[Tomcat].[localhost].[/]       : Initializing Spring embedded WebApplicationContext
2020-02-04 10:41:36.964  INFO 216 --- [localhost-startStop-1] o.s.web.context.ContextLoader            : Root WebApplicationContext: initialization completed in 1687 ms
2020-02-04 10:41:37.154  INFO 216 --- [localhost-startStop-1] o.s.b.w.servlet.ServletRegistrationBean  : Mapping servlet: 'dispatcherServlet' to [/]
2020-02-04 10:41:37.155  INFO 216 --- [localhost-startStop-1] o.s.b.w.servlet.ServletRegistrationBean  : Mapping servlet: 'webServlet' to [/h2-console/*]
2020-02-04 10:41:37.157  INFO 216 --- [localhost-startStop-1] o.s.b.w.servlet.FilterRegistrationBean   : Mapping filter: 'characterEncodingFilter' to: [/*]
2020-02-04 10:41:37.158  INFO 216 --- [localhost-startStop-1] o.s.b.w.servlet.FilterRegistrationBean   : Mapping filter: 'hiddenHttpMethodFilter' to: [/*]
2020-02-04 10:41:37.158  INFO 216 --- [localhost-startStop-1] o.s.b.w.servlet.FilterRegistrationBean   : Mapping filter: 'httpPutFormContentFilter' to: [/*]
2020-02-04 10:41:37.158  INFO 216 --- [localhost-startStop-1] o.s.b.w.servlet.FilterRegistrationBean   : Mapping filter: 'requestContextFilter' to: [/*]
2020-02-04 10:41:37.813  INFO 216 --- [restartedMain] s.w.s.m.m.a.RequestMappingHandlerAdapter : Looking for @ControllerAdvice: org.springframework.boot.context.embedded.AnnotationConfigEmbeddedWebApplicationContext@350a4716: startup date [Tue Feb 04 10:41:35 GMT+08:00 2020]; root of context hierarchy
2020-02-04 10:41:37.861  INFO 216 --- [restartedMain] s.w.s.m.m.a.RequestMappingHandlerMapping : Mapped "{[/callback],methods=[GET]}" onto public java.lang.String top.hiasenna.community.controller.AuthorizeController.callback(java.lang.String,java.lang.String,javax.servlet.http.HttpServletResponse)
2020-02-04 10:41:37.863  INFO 216 --- [restartedMain] s.w.s.m.m.a.RequestMappingHandlerMapping : Mapped "{[/logout],methods=[GET]}" onto public java.lang.String top.hiasenna.community.controller.AuthorizeController.logout(javax.servlet.http.HttpServletRequest,javax.servlet.http.HttpServletResponse)
2020-02-04 10:41:37.863  INFO 216 --- [restartedMain] s.w.s.m.m.a.RequestMappingHandlerMapping : Mapped "{[/comment/{id}],methods=[GET]}" onto public top.hiasenna.community.dto.ResultDTO<java.util.List> top.hiasenna.community.controller.CommentController.comments(java.lang.Long)
2020-02-04 10:41:37.863  INFO 216 --- [restartedMain] s.w.s.m.m.a.RequestMappingHandlerMapping : Mapped "{[/comment],methods=[POST]}" onto public java.lang.Object top.hiasenna.community.controller.CommentController.post(top.hiasenna.community.dto.CommentCreateDTO,javax.servlet.http.HttpServletRequest)
2020-02-04 10:41:37.864  INFO 216 --- [restartedMain] s.w.s.m.m.a.RequestMappingHandlerMapping : Mapped "{[/error],produces=[text/html]}" onto public org.springframework.web.servlet.ModelAndView top.hiasenna.community.controller.CustomizeErrorController.errorHtml(javax.servlet.http.HttpServletRequest,org.springframework.ui.Model)
2020-02-04 10:41:37.865  INFO 216 --- [restartedMain] s.w.s.m.m.a.RequestMappingHandlerMapping : Mapped "{[/file/upload]}" onto public top.hiasenna.community.dto.FileDTO top.hiasenna.community.controller.FileController.upload(javax.servlet.http.HttpServletRequest)
2020-02-04 10:41:37.866  INFO 216 --- [restartedMain] s.w.s.m.m.a.RequestMappingHandlerMapping : Mapped "{[/],methods=[GET]}" onto public java.lang.String top.hiasenna.community.controller.IndexController.index(javax.servlet.http.HttpServletRequest,org.springframework.ui.Model,java.lang.Integer,java.lang.Integer,java.lang.String)
2020-02-04 10:41:37.866  INFO 216 --- [restartedMain] s.w.s.m.m.a.RequestMappingHandlerMapping : Mapped "{[/notification/{id}],methods=[GET]}" onto public java.lang.String top.hiasenna.community.controller.NotificationController.profile(javax.servlet.http.HttpServletRequest,java.lang.Long)
2020-02-04 10:41:37.867  INFO 216 --- [restartedMain] s.w.s.m.m.a.RequestMappingHandlerMapping : Mapped "{[/profile/{action}],methods=[GET]}" onto public java.lang.String top.hiasenna.community.controller.ProfileController.profile(javax.servlet.http.HttpServletRequest,java.lang.String,org.springframework.ui.Model,java.lang.Integer,java.lang.Integer)
2020-02-04 10:41:37.868  INFO 216 --- [restartedMain] s.w.s.m.m.a.RequestMappingHandlerMapping : Mapped "{[/publish],methods=[GET]}" onto public java.lang.String top.hiasenna.community.controller.PublishController.publish(org.springframework.ui.Model)
2020-02-04 10:41:37.868  INFO 216 --- [restartedMain] s.w.s.m.m.a.RequestMappingHandlerMapping : Mapped "{[/publish/{id}],methods=[GET]}" onto public java.lang.String top.hiasenna.community.controller.PublishController.edit(java.lang.Long,org.springframework.ui.Model)
2020-02-04 10:41:37.869  INFO 216 --- [restartedMain] s.w.s.m.m.a.RequestMappingHandlerMapping : Mapped "{[/publish],methods=[POST]}" onto public java.lang.String top.hiasenna.community.controller.PublishController.doPublish(java.lang.String,java.lang.String,java.lang.Long,java.lang.String,javax.servlet.http.HttpServletRequest,org.springframework.ui.Model)
2020-02-04 10:41:37.869  INFO 216 --- [restartedMain] s.w.s.m.m.a.RequestMappingHandlerMapping : Mapped "{[/question/{id}],methods=[GET]}" onto public java.lang.String top.hiasenna.community.controller.QuestionController.question(java.lang.Long,org.springframework.ui.Model)
2020-02-04 10:41:37.894  INFO 216 --- [restartedMain] o.s.w.s.handler.SimpleUrlHandlerMapping  : Mapped URL path [/webjars/**] onto handler of type [class org.springframework.web.servlet.resource.ResourceHttpRequestHandler]
2020-02-04 10:41:37.895  INFO 216 --- [restartedMain] o.s.w.s.handler.SimpleUrlHandlerMapping  : Mapped URL path [/**] onto handler of type [class org.springframework.web.servlet.resource.ResourceHttpRequestHandler]
2020-02-04 10:41:37.908  INFO 216 --- [restartedMain] .m.m.a.ExceptionHandlerExceptionResolver : Detected @ExceptionHandler methods in customizeExceptionHandler
2020-02-04 10:41:37.927  INFO 216 --- [restartedMain] o.s.w.s.handler.SimpleUrlHandlerMapping  : Mapped URL path [/**/favicon.ico] onto handler of type [class org.springframework.web.servlet.resource.ResourceHttpRequestHandler]
2020-02-04 10:41:38.541  INFO 216 --- [restartedMain] o.s.b.d.a.OptionalLiveReloadServer       : LiveReload server is running on port 35729
2020-02-04 10:41:38.588  INFO 216 --- [restartedMain] o.s.j.e.a.AnnotationMBeanExporter        : Registering beans for JMX exposure on startup
2020-02-04 10:41:38.643  INFO 216 --- [restartedMain] s.b.c.e.t.TomcatEmbeddedServletContainer : Tomcat started on port(s): 8887 (http)
2020-02-04 10:41:38.647  INFO 216 --- [restartedMain] t.h.community.CommunityApplication       : Started CommunityApplication in 3.94 seconds (JVM running for 6.664)
2020-02-04 10:43:48.566  INFO 8044 --- [restartedMain] t.h.community.CommunityApplication       : Starting CommunityApplication on LAPTOP-L0GNTSJI with PID 8044 (F:\java-study\code\target\classes started by zhanghaoyu in F:\java-study\code)
2020-02-04 10:43:48.567  INFO 8044 --- [restartedMain] t.h.community.CommunityApplication       : No active profile set, falling back to default profiles: default
2020-02-04 10:43:48.794  INFO 8044 --- [restartedMain] ationConfigEmbeddedWebApplicationContext : Refreshing org.springframework.boot.context.embedded.AnnotationConfigEmbeddedWebApplicationContext@755a9dcf: startup date [Tue Feb 04 10:43:48 GMT+08:00 2020]; root of context hierarchy
2020-02-04 10:43:50.755  INFO 8044 --- [restartedMain] s.b.c.e.t.TomcatEmbeddedServletContainer : Tomcat initialized with port(s): 8887 (http)
2020-02-04 10:43:50.762  INFO 8044 --- [restartedMain] o.apache.catalina.core.StandardService   : Starting service [Tomcat]
2020-02-04 10:43:50.763  INFO 8044 --- [restartedMain] org.apache.catalina.core.StandardEngine  : Starting Servlet Engine: Apache Tomcat/8.5.20
2020-02-04 10:43:50.916  INFO 8044 --- [localhost-startStop-1] o.a.c.c.C.[Tomcat].[localhost].[/]       : Initializing Spring embedded WebApplicationContext
2020-02-04 10:43:50.916  INFO 8044 --- [localhost-startStop-1] o.s.web.context.ContextLoader            : Root WebApplicationContext: initialization completed in 2127 ms
2020-02-04 10:43:51.146  INFO 8044 --- [localhost-startStop-1] o.s.b.w.servlet.ServletRegistrationBean  : Mapping servlet: 'dispatcherServlet' to [/]
2020-02-04 10:43:51.147  INFO 8044 --- [localhost-startStop-1] o.s.b.w.servlet.ServletRegistrationBean  : Mapping servlet: 'webServlet' to [/h2-console/*]
2020-02-04 10:43:51.150  INFO 8044 --- [localhost-startStop-1] o.s.b.w.servlet.FilterRegistrationBean   : Mapping filter: 'characterEncodingFilter' to: [/*]
2020-02-04 10:43:51.151  INFO 8044 --- [localhost-startStop-1] o.s.b.w.servlet.FilterRegistrationBean   : Mapping filter: 'hiddenHttpMethodFilter' to: [/*]
2020-02-04 10:43:51.151  INFO 8044 --- [localhost-startStop-1] o.s.b.w.servlet.FilterRegistrationBean   : Mapping filter: 'httpPutFormContentFilter' to: [/*]
2020-02-04 10:43:51.151  INFO 8044 --- [localhost-startStop-1] o.s.b.w.servlet.FilterRegistrationBean   : Mapping filter: 'requestContextFilter' to: [/*]
2020-02-04 10:43:51.966  INFO 8044 --- [restartedMain] s.w.s.m.m.a.RequestMappingHandlerAdapter : Looking for @ControllerAdvice: org.springframework.boot.context.embedded.AnnotationConfigEmbeddedWebApplicationContext@755a9dcf: startup date [Tue Feb 04 10:43:48 GMT+08:00 2020]; root of context hierarchy
2020-02-04 10:43:52.035  INFO 8044 --- [restartedMain] s.w.s.m.m.a.RequestMappingHandlerMapping : Mapped "{[/callback],methods=[GET]}" onto public java.lang.String top.hiasenna.community.controller.AuthorizeController.callback(java.lang.String,java.lang.String,javax.servlet.http.HttpServletResponse)
2020-02-04 10:43:52.036  INFO 8044 --- [restartedMain] s.w.s.m.m.a.RequestMappingHandlerMapping : Mapped "{[/logout],methods=[GET]}" onto public java.lang.String top.hiasenna.community.controller.AuthorizeController.logout(javax.servlet.http.HttpServletRequest,javax.servlet.http.HttpServletResponse)
2020-02-04 10:43:52.037  INFO 8044 --- [restartedMain] s.w.s.m.m.a.RequestMappingHandlerMapping : Mapped "{[/comment/{id}],methods=[GET]}" onto public top.hiasenna.community.dto.ResultDTO<java.util.List> top.hiasenna.community.controller.CommentController.comments(java.lang.Long)
2020-02-04 10:43:52.038  INFO 8044 --- [restartedMain] s.w.s.m.m.a.RequestMappingHandlerMapping : Mapped "{[/comment],methods=[POST]}" onto public java.lang.Object top.hiasenna.community.controller.CommentController.post(top.hiasenna.community.dto.CommentCreateDTO,javax.servlet.http.HttpServletRequest)
2020-02-04 10:43:52.039  INFO 8044 --- [restartedMain] s.w.s.m.m.a.RequestMappingHandlerMapping : Mapped "{[/error],produces=[text/html]}" onto public org.springframework.web.servlet.ModelAndView top.hiasenna.community.controller.CustomizeErrorController.errorHtml(javax.servlet.http.HttpServletRequest,org.springframework.ui.Model)
2020-02-04 10:43:52.040  INFO 8044 --- [restartedMain] s.w.s.m.m.a.RequestMappingHandlerMapping : Mapped "{[/file/upload]}" onto public top.hiasenna.community.dto.FileDTO top.hiasenna.community.controller.FileController.upload(javax.servlet.http.HttpServletRequest)
2020-02-04 10:43:52.041  INFO 8044 --- [restartedMain] s.w.s.m.m.a.RequestMappingHandlerMapping : Mapped "{[/],methods=[GET]}" onto public java.lang.String top.hiasenna.community.controller.IndexController.index(javax.servlet.http.HttpServletRequest,org.springframework.ui.Model,java.lang.Integer,java.lang.Integer,java.lang.String)
2020-02-04 10:43:52.042  INFO 8044 --- [restartedMain] s.w.s.m.m.a.RequestMappingHandlerMapping : Mapped "{[/notification/{id}],methods=[GET]}" onto public java.lang.String top.hiasenna.community.controller.NotificationController.profile(javax.servlet.http.HttpServletRequest,java.lang.Long)
2020-02-04 10:43:52.043  INFO 8044 --- [restartedMain] s.w.s.m.m.a.RequestMappingHandlerMapping : Mapped "{[/profile/{action}],methods=[GET]}" onto public java.lang.String top.hiasenna.community.controller.ProfileController.profile(javax.servlet.http.HttpServletRequest,java.lang.String,org.springframework.ui.Model,java.lang.Integer,java.lang.Integer)
2020-02-04 10:43:52.045  INFO 8044 --- [restartedMain] s.w.s.m.m.a.RequestMappingHandlerMapping : Mapped "{[/publish],methods=[GET]}" onto public java.lang.String top.hiasenna.community.controller.PublishController.publish(org.springframework.ui.Model)
2020-02-04 10:43:52.046  INFO 8044 --- [restartedMain] s.w.s.m.m.a.RequestMappingHandlerMapping : Mapped "{[/publish/{id}],methods=[GET]}" onto public java.lang.String top.hiasenna.community.controller.PublishController.edit(java.lang.Long,org.springframework.ui.Model)
2020-02-04 10:43:52.046  INFO 8044 --- [restartedMain] s.w.s.m.m.a.RequestMappingHandlerMapping : Mapped "{[/publish],methods=[POST]}" onto public java.lang.String top.hiasenna.community.controller.PublishController.doPublish(java.lang.String,java.lang.String,java.lang.Long,java.lang.String,javax.servlet.http.HttpServletRequest,org.springframework.ui.Model)
2020-02-04 10:43:52.047  INFO 8044 --- [restartedMain] s.w.s.m.m.a.RequestMappingHandlerMapping : Mapped "{[/question/{id}],methods=[GET]}" onto public java.lang.String top.hiasenna.community.controller.QuestionController.question(java.lang.Long,org.springframework.ui.Model)
2020-02-04 10:43:52.085  INFO 8044 --- [restartedMain] o.s.w.s.handler.SimpleUrlHandlerMapping  : Mapped URL path [/webjars/**] onto handler of type [class org.springframework.web.servlet.resource.ResourceHttpRequestHandler]
2020-02-04 10:43:52.085  INFO 8044 --- [restartedMain] o.s.w.s.handler.SimpleUrlHandlerMapping  : Mapped URL path [/**] onto handler of type [class org.springframework.web.servlet.resource.ResourceHttpRequestHandler]
2020-02-04 10:43:52.105  INFO 8044 --- [restartedMain] .m.m.a.ExceptionHandlerExceptionResolver : Detected @ExceptionHandler methods in customizeExceptionHandler
2020-02-04 10:43:52.133  INFO 8044 --- [restartedMain] o.s.w.s.handler.SimpleUrlHandlerMapping  : Mapped URL path [/**/favicon.ico] onto handler of type [class org.springframework.web.servlet.resource.ResourceHttpRequestHandler]
2020-02-04 10:43:52.960  INFO 8044 --- [restartedMain] o.s.b.d.a.OptionalLiveReloadServer       : LiveReload server is running on port 35729
2020-02-04 10:43:53.011  INFO 8044 --- [restartedMain] o.s.j.e.a.AnnotationMBeanExporter        : Registering beans for JMX exposure on startup
2020-02-04 10:43:53.073  INFO 8044 --- [restartedMain] s.b.c.e.t.TomcatEmbeddedServletContainer : Tomcat started on port(s): 8887 (http)
2020-02-04 10:43:53.078  INFO 8044 --- [restartedMain] t.h.community.CommunityApplication       : Started CommunityApplication in 4.798 seconds (JVM running for 7.502)
2020-02-04 10:44:08.980  INFO 8044 --- [http-nio-8887-exec-1] o.a.c.c.C.[Tomcat].[localhost].[/]       : Initializing Spring FrameworkServlet 'dispatcherServlet'
2020-02-04 10:44:08.981  INFO 8044 --- [http-nio-8887-exec-1] o.s.web.servlet.DispatcherServlet        : FrameworkServlet 'dispatcherServlet': initialization started
2020-02-04 10:44:09.023  INFO 8044 --- [http-nio-8887-exec-1] o.s.web.servlet.DispatcherServlet        : FrameworkServlet 'dispatcherServlet': initialization completed in 42 ms
2020-02-04 10:44:09.268 DEBUG 8044 --- [http-nio-8887-exec-1] t.h.c.m.QuestionExtMapper.countBySearch  : ==>  Preparing: select count(*) from QUESTION 
2020-02-04 10:44:09.288 DEBUG 8044 --- [http-nio-8887-exec-1] t.h.c.m.QuestionExtMapper.countBySearch  : ==> Parameters: 
2020-02-04 10:44:09.314 DEBUG 8044 --- [http-nio-8887-exec-1] t.h.c.m.QuestionExtMapper.countBySearch  : <==      Total: 1
2020-02-04 10:44:09.320 DEBUG 8044 --- [http-nio-8887-exec-1] t.h.c.m.Q.selectBySearch                 : ==>  Preparing: select * from QUESTION order by gmt_create desc limit ?,? 
2020-02-04 10:44:09.322 DEBUG 8044 --- [http-nio-8887-exec-1] t.h.c.m.Q.selectBySearch                 : ==> Parameters: 0(Integer), 4(Integer)
2020-02-04 10:44:09.329 DEBUG 8044 --- [http-nio-8887-exec-1] t.h.c.m.Q.selectBySearch                 : <==      Total: 4
2020-02-04 10:44:09.329 DEBUG 8044 --- [http-nio-8887-exec-1] t.h.c.m.UserMapper.selectByPrimaryKey    : ==>  Preparing: select ID, ACCOUNT_ID, NAME, TOKEN, GMT_CREATE, GMT_MODIFIED, BIO, AVATAR_URL from USER where ID = ? 
2020-02-04 10:44:09.331 DEBUG 8044 --- [http-nio-8887-exec-1] t.h.c.m.UserMapper.selectByPrimaryKey    : ==> Parameters: 680(Long)
2020-02-04 10:44:09.333 DEBUG 8044 --- [http-nio-8887-exec-1] t.h.c.m.UserMapper.selectByPrimaryKey    : <==      Total: 1
2020-02-04 10:44:09.340 DEBUG 8044 --- [http-nio-8887-exec-1] t.h.c.m.UserMapper.selectByPrimaryKey    : ==>  Preparing: select ID, ACCOUNT_ID, NAME, TOKEN, GMT_CREATE, GMT_MODIFIED, BIO, AVATAR_URL from USER where ID = ? 
2020-02-04 10:44:09.340 DEBUG 8044 --- [http-nio-8887-exec-1] t.h.c.m.UserMapper.selectByPrimaryKey    : ==> Parameters: 680(Long)
2020-02-04 10:44:09.341 DEBUG 8044 --- [http-nio-8887-exec-1] t.h.c.m.UserMapper.selectByPrimaryKey    : <==      Total: 1
2020-02-04 10:44:09.341 DEBUG 8044 --- [http-nio-8887-exec-1] t.h.c.m.UserMapper.selectByPrimaryKey    : ==>  Preparing: select ID, ACCOUNT_ID, NAME, TOKEN, GMT_CREATE, GMT_MODIFIED, BIO, AVATAR_URL from USER where ID = ? 
2020-02-04 10:44:09.341 DEBUG 8044 --- [http-nio-8887-exec-1] t.h.c.m.UserMapper.selectByPrimaryKey    : ==> Parameters: 680(Long)
2020-02-04 10:44:09.341 DEBUG 8044 --- [http-nio-8887-exec-1] t.h.c.m.UserMapper.selectByPrimaryKey    : <==      Total: 1
2020-02-04 10:44:09.342 DEBUG 8044 --- [http-nio-8887-exec-1] t.h.c.m.UserMapper.selectByPrimaryKey    : ==>  Preparing: select ID, ACCOUNT_ID, NAME, TOKEN, GMT_CREATE, GMT_MODIFIED, BIO, AVATAR_URL from USER where ID = ? 
2020-02-04 10:44:09.342 DEBUG 8044 --- [http-nio-8887-exec-1] t.h.c.m.UserMapper.selectByPrimaryKey    : ==> Parameters: 680(Long)
2020-02-04 10:44:09.342 DEBUG 8044 --- [http-nio-8887-exec-1] t.h.c.m.UserMapper.selectByPrimaryKey    : <==      Total: 1
2020-02-04 10:44:18.129 DEBUG 8044 --- [http-nio-8887-exec-5] t.h.c.mapper.UserMapper.selectByExample  : ==>  Preparing: select ID, ACCOUNT_ID, NAME, TOKEN, GMT_CREATE, GMT_MODIFIED, BIO, AVATAR_URL from USER WHERE ( ACCOUNT_ID = ? ) 
2020-02-04 10:44:18.130 DEBUG 8044 --- [http-nio-8887-exec-5] t.h.c.mapper.UserMapper.selectByExample  : ==> Parameters: 33644902(String)
2020-02-04 10:44:18.131 DEBUG 8044 --- [http-nio-8887-exec-5] t.h.c.mapper.UserMapper.selectByExample  : <==      Total: 1
2020-02-04 10:44:18.135 DEBUG 8044 --- [http-nio-8887-exec-5] t.h.c.m.U.updateByExampleSelective       : ==>  Preparing: update USER SET NAME = ?, TOKEN = ?, GMT_MODIFIED = ?, AVATAR_URL = ? WHERE ( ID = ? ) 
2020-02-04 10:44:18.136 DEBUG 8044 --- [http-nio-8887-exec-5] t.h.c.m.U.updateByExampleSelective       : ==> Parameters: 张浩宇(String), 4e5c70ee-770a-4c21-be70-75f930bfb636(String), 1580784258132(Long), https://avatars3.githubusercontent.com/u/33644902?v=4(String), 680(Long)
2020-02-04 10:44:18.140 DEBUG 8044 --- [http-nio-8887-exec-5] t.h.c.m.U.updateByExampleSelective       : <==    Updates: 1
2020-02-04 10:44:18.150 DEBUG 8044 --- [http-nio-8887-exec-2] t.h.c.mapper.UserMapper.selectByExample  : ==>  Preparing: select ID, ACCOUNT_ID, NAME, TOKEN, GMT_CREATE, GMT_MODIFIED, BIO, AVATAR_URL from USER WHERE ( TOKEN = ? ) 
2020-02-04 10:44:18.150 DEBUG 8044 --- [http-nio-8887-exec-2] t.h.c.mapper.UserMapper.selectByExample  : ==> Parameters: 4e5c70ee-770a-4c21-be70-75f930bfb636(String)
2020-02-04 10:44:18.151 DEBUG 8044 --- [http-nio-8887-exec-2] t.h.c.mapper.UserMapper.selectByExample  : <==      Total: 1
2020-02-04 10:44:18.159 DEBUG 8044 --- [http-nio-8887-exec-2] t.h.c.m.N.countByExample                 : ==>  Preparing: select count(*) from NOTIFICATION WHERE ( RECEIVER = ? and STATUS = ? ) 
2020-02-04 10:44:18.160 DEBUG 8044 --- [http-nio-8887-exec-2] t.h.c.m.N.countByExample                 : ==> Parameters: 680(Long), 0(Integer)
2020-02-04 10:44:18.165 DEBUG 8044 --- [http-nio-8887-exec-2] t.h.c.m.N.countByExample                 : <==      Total: 1
2020-02-04 10:44:18.165 DEBUG 8044 --- [http-nio-8887-exec-2] t.h.c.m.QuestionExtMapper.countBySearch  : ==>  Preparing: select count(*) from QUESTION 
2020-02-04 10:44:18.165 DEBUG 8044 --- [http-nio-8887-exec-2] t.h.c.m.QuestionExtMapper.countBySearch  : ==> Parameters: 
2020-02-04 10:44:18.165 DEBUG 8044 --- [http-nio-8887-exec-2] t.h.c.m.QuestionExtMapper.countBySearch  : <==      Total: 1
2020-02-04 10:44:18.166 DEBUG 8044 --- [http-nio-8887-exec-2] t.h.c.m.Q.selectBySearch                 : ==>  Preparing: select * from QUESTION order by gmt_create desc limit ?,? 
2020-02-04 10:44:18.166 DEBUG 8044 --- [http-nio-8887-exec-2] t.h.c.m.Q.selectBySearch                 : ==> Parameters: 0(Integer), 4(Integer)
2020-02-04 10:44:18.168 DEBUG 8044 --- [http-nio-8887-exec-2] t.h.c.m.Q.selectBySearch                 : <==      Total: 4
2020-02-04 10:44:18.168 DEBUG 8044 --- [http-nio-8887-exec-2] t.h.c.m.UserMapper.selectByPrimaryKey    : ==>  Preparing: select ID, ACCOUNT_ID, NAME, TOKEN, GMT_CREATE, GMT_MODIFIED, BIO, AVATAR_URL from USER where ID = ? 
2020-02-04 10:44:18.169 DEBUG 8044 --- [http-nio-8887-exec-2] t.h.c.m.UserMapper.selectByPrimaryKey    : ==> Parameters: 680(Long)
2020-02-04 10:44:18.169 DEBUG 8044 --- [http-nio-8887-exec-2] t.h.c.m.UserMapper.selectByPrimaryKey    : <==      Total: 1
2020-02-04 10:44:18.169 DEBUG 8044 --- [http-nio-8887-exec-2] t.h.c.m.UserMapper.selectByPrimaryKey    : ==>  Preparing: select ID, ACCOUNT_ID, NAME, TOKEN, GMT_CREATE, GMT_MODIFIED, BIO, AVATAR_URL from USER where ID = ? 
2020-02-04 10:44:18.169 DEBUG 8044 --- [http-nio-8887-exec-2] t.h.c.m.UserMapper.selectByPrimaryKey    : ==> Parameters: 680(Long)
2020-02-04 10:44:18.170 DEBUG 8044 --- [http-nio-8887-exec-2] t.h.c.m.UserMapper.selectByPrimaryKey    : <==      Total: 1
2020-02-04 10:44:18.170 DEBUG 8044 --- [http-nio-8887-exec-2] t.h.c.m.UserMapper.selectByPrimaryKey    : ==>  Preparing: select ID, ACCOUNT_ID, NAME, TOKEN, GMT_CREATE, GMT_MODIFIED, BIO, AVATAR_URL from USER where ID = ? 
2020-02-04 10:44:18.170 DEBUG 8044 --- [http-nio-8887-exec-2] t.h.c.m.UserMapper.selectByPrimaryKey    : ==> Parameters: 680(Long)
2020-02-04 10:44:18.170 DEBUG 8044 --- [http-nio-8887-exec-2] t.h.c.m.UserMapper.selectByPrimaryKey    : <==      Total: 1
2020-02-04 10:44:18.172 DEBUG 8044 --- [http-nio-8887-exec-2] t.h.c.m.UserMapper.selectByPrimaryKey    : ==>  Preparing: select ID, ACCOUNT_ID, NAME, TOKEN, GMT_CREATE, GMT_MODIFIED, BIO, AVATAR_URL from USER where ID = ? 
2020-02-04 10:44:18.172 DEBUG 8044 --- [http-nio-8887-exec-2] t.h.c.m.UserMapper.selectByPrimaryKey    : ==> Parameters: 680(Long)
2020-02-04 10:44:18.172 DEBUG 8044 --- [http-nio-8887-exec-2] t.h.c.m.UserMapper.selectByPrimaryKey    : <==      Total: 1
2020-02-04 10:47:54.674  INFO 9844 --- [restartedMain] t.h.community.CommunityApplication       : Starting CommunityApplication on LAPTOP-L0GNTSJI with PID 9844 (F:\java-study\code\target\classes started by zhanghaoyu in F:\java-study\code)
2020-02-04 10:47:54.675  INFO 9844 --- [restartedMain] t.h.community.CommunityApplication       : No active profile set, falling back to default profiles: default
2020-02-04 10:47:54.885  INFO 9844 --- [restartedMain] ationConfigEmbeddedWebApplicationContext : Refreshing org.springframework.boot.context.embedded.AnnotationConfigEmbeddedWebApplicationContext@4eee41d5: startup date [Tue Feb 04 10:47:54 GMT+08:00 2020]; root of context hierarchy
2020-02-04 10:47:56.538  INFO 9844 --- [restartedMain] s.b.c.e.t.TomcatEmbeddedServletContainer : Tomcat initialized with port(s): 8887 (http)
2020-02-04 10:47:56.545  INFO 9844 --- [restartedMain] o.apache.catalina.core.StandardService   : Starting service [Tomcat]
2020-02-04 10:47:56.546  INFO 9844 --- [restartedMain] org.apache.catalina.core.StandardEngine  : Starting Servlet Engine: Apache Tomcat/8.5.20
2020-02-04 10:47:56.689  INFO 9844 --- [localhost-startStop-1] o.a.c.c.C.[Tomcat].[localhost].[/]       : Initializing Spring embedded WebApplicationContext
2020-02-04 10:47:56.689  INFO 9844 --- [localhost-startStop-1] o.s.web.context.ContextLoader            : Root WebApplicationContext: initialization completed in 1810 ms
2020-02-04 10:47:56.871  INFO 9844 --- [localhost-startStop-1] o.s.b.w.servlet.ServletRegistrationBean  : Mapping servlet: 'dispatcherServlet' to [/]
2020-02-04 10:47:56.872  INFO 9844 --- [localhost-startStop-1] o.s.b.w.servlet.ServletRegistrationBean  : Mapping servlet: 'webServlet' to [/h2-console/*]
2020-02-04 10:47:56.874  INFO 9844 --- [localhost-startStop-1] o.s.b.w.servlet.FilterRegistrationBean   : Mapping filter: 'characterEncodingFilter' to: [/*]
2020-02-04 10:47:56.875  INFO 9844 --- [localhost-startStop-1] o.s.b.w.servlet.FilterRegistrationBean   : Mapping filter: 'hiddenHttpMethodFilter' to: [/*]
2020-02-04 10:47:56.875  INFO 9844 --- [localhost-startStop-1] o.s.b.w.servlet.FilterRegistrationBean   : Mapping filter: 'httpPutFormContentFilter' to: [/*]
2020-02-04 10:47:56.875  INFO 9844 --- [localhost-startStop-1] o.s.b.w.servlet.FilterRegistrationBean   : Mapping filter: 'requestContextFilter' to: [/*]
2020-02-04 10:47:57.750  INFO 9844 --- [restartedMain] s.w.s.m.m.a.RequestMappingHandlerAdapter : Looking for @ControllerAdvice: org.springframework.boot.context.embedded.AnnotationConfigEmbeddedWebApplicationContext@4eee41d5: startup date [Tue Feb 04 10:47:54 GMT+08:00 2020]; root of context hierarchy
2020-02-04 10:47:57.820  INFO 9844 --- [restartedMain] s.w.s.m.m.a.RequestMappingHandlerMapping : Mapped "{[/callback],methods=[GET]}" onto public java.lang.String top.hiasenna.community.controller.AuthorizeController.callback(java.lang.String,java.lang.String,javax.servlet.http.HttpServletResponse)
2020-02-04 10:47:57.822  INFO 9844 --- [restartedMain] s.w.s.m.m.a.RequestMappingHandlerMapping : Mapped "{[/logout],methods=[GET]}" onto public java.lang.String top.hiasenna.community.controller.AuthorizeController.logout(javax.servlet.http.HttpServletRequest,javax.servlet.http.HttpServletResponse)
2020-02-04 10:47:57.823  INFO 9844 --- [restartedMain] s.w.s.m.m.a.RequestMappingHandlerMapping : Mapped "{[/comment/{id}],methods=[GET]}" onto public top.hiasenna.community.dto.ResultDTO<java.util.List> top.hiasenna.community.controller.CommentController.comments(java.lang.Long)
2020-02-04 10:47:57.823  INFO 9844 --- [restartedMain] s.w.s.m.m.a.RequestMappingHandlerMapping : Mapped "{[/comment],methods=[POST]}" onto public java.lang.Object top.hiasenna.community.controller.CommentController.post(top.hiasenna.community.dto.CommentCreateDTO,javax.servlet.http.HttpServletRequest)
2020-02-04 10:47:57.824  INFO 9844 --- [restartedMain] s.w.s.m.m.a.RequestMappingHandlerMapping : Mapped "{[/error],produces=[text/html]}" onto public org.springframework.web.servlet.ModelAndView top.hiasenna.community.controller.CustomizeErrorController.errorHtml(javax.servlet.http.HttpServletRequest,org.springframework.ui.Model)
2020-02-04 10:47:57.825  INFO 9844 --- [restartedMain] s.w.s.m.m.a.RequestMappingHandlerMapping : Mapped "{[/file/upload]}" onto public top.hiasenna.community.dto.FileDTO top.hiasenna.community.controller.FileController.upload(javax.servlet.http.HttpServletRequest)
2020-02-04 10:47:57.826  INFO 9844 --- [restartedMain] s.w.s.m.m.a.RequestMappingHandlerMapping : Mapped "{[/],methods=[GET]}" onto public java.lang.String top.hiasenna.community.controller.IndexController.index(javax.servlet.http.HttpServletRequest,org.springframework.ui.Model,java.lang.Integer,java.lang.Integer,java.lang.String)
2020-02-04 10:47:57.826  INFO 9844 --- [restartedMain] s.w.s.m.m.a.RequestMappingHandlerMapping : Mapped "{[/notification/{id}],methods=[GET]}" onto public java.lang.String top.hiasenna.community.controller.NotificationController.profile(javax.servlet.http.HttpServletRequest,java.lang.Long)
2020-02-04 10:47:57.827  INFO 9844 --- [restartedMain] s.w.s.m.m.a.RequestMappingHandlerMapping : Mapped "{[/profile/{action}],methods=[GET]}" onto public java.lang.String top.hiasenna.community.controller.ProfileController.profile(javax.servlet.http.HttpServletRequest,java.lang.String,org.springframework.ui.Model,java.lang.Integer,java.lang.Integer)
2020-02-04 10:47:57.829  INFO 9844 --- [restartedMain] s.w.s.m.m.a.RequestMappingHandlerMapping : Mapped "{[/publish],methods=[GET]}" onto public java.lang.String top.hiasenna.community.controller.PublishController.publish(org.springframework.ui.Model)
2020-02-04 10:47:57.829  INFO 9844 --- [restartedMain] s.w.s.m.m.a.RequestMappingHandlerMapping : Mapped "{[/publish/{id}],methods=[GET]}" onto public java.lang.String top.hiasenna.community.controller.PublishController.edit(java.lang.Long,org.springframework.ui.Model)
2020-02-04 10:47:57.830  INFO 9844 --- [restartedMain] s.w.s.m.m.a.RequestMappingHandlerMapping : Mapped "{[/publish],methods=[POST]}" onto public java.lang.String top.hiasenna.community.controller.PublishController.doPublish(java.lang.String,java.lang.String,java.lang.Long,java.lang.String,javax.servlet.http.HttpServletRequest,org.springframework.ui.Model)
2020-02-04 10:47:57.830  INFO 9844 --- [restartedMain] s.w.s.m.m.a.RequestMappingHandlerMapping : Mapped "{[/question/{id}],methods=[GET]}" onto public java.lang.String top.hiasenna.community.controller.QuestionController.question(java.lang.Long,org.springframework.ui.Model)
2020-02-04 10:47:57.874  INFO 9844 --- [restartedMain] o.s.w.s.handler.SimpleUrlHandlerMapping  : Mapped URL path [/webjars/**] onto handler of type [class org.springframework.web.servlet.resource.ResourceHttpRequestHandler]
2020-02-04 10:47:57.874  INFO 9844 --- [restartedMain] o.s.w.s.handler.SimpleUrlHandlerMapping  : Mapped URL path [/**] onto handler of type [class org.springframework.web.servlet.resource.ResourceHttpRequestHandler]
2020-02-04 10:47:57.900  INFO 9844 --- [restartedMain] .m.m.a.ExceptionHandlerExceptionResolver : Detected @ExceptionHandler methods in customizeExceptionHandler
2020-02-04 10:47:57.925  INFO 9844 --- [restartedMain] o.s.w.s.handler.SimpleUrlHandlerMapping  : Mapped URL path [/**/favicon.ico] onto handler of type [class org.springframework.web.servlet.resource.ResourceHttpRequestHandler]
2020-02-04 10:47:58.736  INFO 9844 --- [restartedMain] o.s.b.d.a.OptionalLiveReloadServer       : LiveReload server is running on port 35729
2020-02-04 10:47:58.777  INFO 9844 --- [restartedMain] o.s.j.e.a.AnnotationMBeanExporter        : Registering beans for JMX exposure on startup
2020-02-04 10:47:58.834  INFO 9844 --- [restartedMain] s.b.c.e.t.TomcatEmbeddedServletContainer : Tomcat started on port(s): 8887 (http)
2020-02-04 10:47:58.838  INFO 9844 --- [restartedMain] t.h.community.CommunityApplication       : Started CommunityApplication in 4.466 seconds (JVM running for 7.218)
2020-02-04 10:49:15.501  INFO 15404 --- [restartedMain] t.h.community.CommunityApplication       : Starting CommunityApplication on LAPTOP-L0GNTSJI with PID 15404 (F:\java-study\code\target\classes started by zhanghaoyu in F:\java-study\code)
2020-02-04 10:49:15.502  INFO 15404 --- [restartedMain] t.h.community.CommunityApplication       : No active profile set, falling back to default profiles: default
2020-02-04 10:49:15.693  INFO 15404 --- [restartedMain] ationConfigEmbeddedWebApplicationContext : Refreshing org.springframework.boot.context.embedded.AnnotationConfigEmbeddedWebApplicationContext@55f48b02: startup date [Tue Feb 04 10:49:15 GMT+08:00 2020]; root of context hierarchy
2020-02-04 10:49:17.373  INFO 15404 --- [restartedMain] s.b.c.e.t.TomcatEmbeddedServletContainer : Tomcat initialized with port(s): 8887 (http)
2020-02-04 10:49:17.387  INFO 15404 --- [restartedMain] o.apache.catalina.core.StandardService   : Starting service [Tomcat]
2020-02-04 10:49:17.389  INFO 15404 --- [restartedMain] org.apache.catalina.core.StandardEngine  : Starting Servlet Engine: Apache Tomcat/8.5.20
2020-02-04 10:49:17.584  INFO 15404 --- [localhost-startStop-1] o.a.c.c.C.[Tomcat].[localhost].[/]       : Initializing Spring embedded WebApplicationContext
2020-02-04 10:49:17.585  INFO 15404 --- [localhost-startStop-1] o.s.web.context.ContextLoader            : Root WebApplicationContext: initialization completed in 1895 ms
2020-02-04 10:49:17.774  INFO 15404 --- [localhost-startStop-1] o.s.b.w.servlet.ServletRegistrationBean  : Mapping servlet: 'dispatcherServlet' to [/]
2020-02-04 10:49:17.775  INFO 15404 --- [localhost-startStop-1] o.s.b.w.servlet.ServletRegistrationBean  : Mapping servlet: 'webServlet' to [/h2-console/*]
2020-02-04 10:49:17.777  INFO 15404 --- [localhost-startStop-1] o.s.b.w.servlet.FilterRegistrationBean   : Mapping filter: 'characterEncodingFilter' to: [/*]
2020-02-04 10:49:17.778  INFO 15404 --- [localhost-startStop-1] o.s.b.w.servlet.FilterRegistrationBean   : Mapping filter: 'hiddenHttpMethodFilter' to: [/*]
2020-02-04 10:49:17.778  INFO 15404 --- [localhost-startStop-1] o.s.b.w.servlet.FilterRegistrationBean   : Mapping filter: 'httpPutFormContentFilter' to: [/*]
2020-02-04 10:49:17.778  INFO 15404 --- [localhost-startStop-1] o.s.b.w.servlet.FilterRegistrationBean   : Mapping filter: 'requestContextFilter' to: [/*]
2020-02-04 10:49:18.641  INFO 15404 --- [restartedMain] s.w.s.m.m.a.RequestMappingHandlerAdapter : Looking for @ControllerAdvice: org.springframework.boot.context.embedded.AnnotationConfigEmbeddedWebApplicationContext@55f48b02: startup date [Tue Feb 04 10:49:15 GMT+08:00 2020]; root of context hierarchy
2020-02-04 10:49:18.705  INFO 15404 --- [restartedMain] s.w.s.m.m.a.RequestMappingHandlerMapping : Mapped "{[/callback],methods=[GET]}" onto public java.lang.String top.hiasenna.community.controller.AuthorizeController.callback(java.lang.String,java.lang.String,javax.servlet.http.HttpServletResponse)
2020-02-04 10:49:18.706  INFO 15404 --- [restartedMain] s.w.s.m.m.a.RequestMappingHandlerMapping : Mapped "{[/logout],methods=[GET]}" onto public java.lang.String top.hiasenna.community.controller.AuthorizeController.logout(javax.servlet.http.HttpServletRequest,javax.servlet.http.HttpServletResponse)
2020-02-04 10:49:18.707  INFO 15404 --- [restartedMain] s.w.s.m.m.a.RequestMappingHandlerMapping : Mapped "{[/comment/{id}],methods=[GET]}" onto public top.hiasenna.community.dto.ResultDTO<java.util.List> top.hiasenna.community.controller.CommentController.comments(java.lang.Long)
2020-02-04 10:49:18.707  INFO 15404 --- [restartedMain] s.w.s.m.m.a.RequestMappingHandlerMapping : Mapped "{[/comment],methods=[POST]}" onto public java.lang.Object top.hiasenna.community.controller.CommentController.post(top.hiasenna.community.dto.CommentCreateDTO,javax.servlet.http.HttpServletRequest)
2020-02-04 10:49:18.708  INFO 15404 --- [restartedMain] s.w.s.m.m.a.RequestMappingHandlerMapping : Mapped "{[/error],produces=[text/html]}" onto public org.springframework.web.servlet.ModelAndView top.hiasenna.community.controller.CustomizeErrorController.errorHtml(javax.servlet.http.HttpServletRequest,org.springframework.ui.Model)
2020-02-04 10:49:18.709  INFO 15404 --- [restartedMain] s.w.s.m.m.a.RequestMappingHandlerMapping : Mapped "{[/file/upload]}" onto public top.hiasenna.community.dto.FileDTO top.hiasenna.community.controller.FileController.upload(javax.servlet.http.HttpServletRequest)
2020-02-04 10:49:18.709  INFO 15404 --- [restartedMain] s.w.s.m.m.a.RequestMappingHandlerMapping : Mapped "{[/],methods=[GET]}" onto public java.lang.String top.hiasenna.community.controller.IndexController.index(javax.servlet.http.HttpServletRequest,org.springframework.ui.Model,java.lang.Integer,java.lang.Integer,java.lang.String)
2020-02-04 10:49:18.710  INFO 15404 --- [restartedMain] s.w.s.m.m.a.RequestMappingHandlerMapping : Mapped "{[/notification/{id}],methods=[GET]}" onto public java.lang.String top.hiasenna.community.controller.NotificationController.profile(javax.servlet.http.HttpServletRequest,java.lang.Long)
2020-02-04 10:49:18.710  INFO 15404 --- [restartedMain] s.w.s.m.m.a.RequestMappingHandlerMapping : Mapped "{[/profile/{action}],methods=[GET]}" onto public java.lang.String top.hiasenna.community.controller.ProfileController.profile(javax.servlet.http.HttpServletRequest,java.lang.String,org.springframework.ui.Model,java.lang.Integer,java.lang.Integer)
2020-02-04 10:49:18.712  INFO 15404 --- [restartedMain] s.w.s.m.m.a.RequestMappingHandlerMapping : Mapped "{[/publish],methods=[GET]}" onto public java.lang.String top.hiasenna.community.controller.PublishController.publish(org.springframework.ui.Model)
2020-02-04 10:49:18.712  INFO 15404 --- [restartedMain] s.w.s.m.m.a.RequestMappingHandlerMapping : Mapped "{[/publish],methods=[POST]}" onto public java.lang.String top.hiasenna.community.controller.PublishController.doPublish(java.lang.String,java.lang.String,java.lang.Long,java.lang.String,javax.servlet.http.HttpServletRequest,org.springframework.ui.Model)
2020-02-04 10:49:18.713  INFO 15404 --- [restartedMain] s.w.s.m.m.a.RequestMappingHandlerMapping : Mapped "{[/publish/{id}],methods=[GET]}" onto public java.lang.String top.hiasenna.community.controller.PublishController.edit(java.lang.Long,org.springframework.ui.Model)
2020-02-04 10:49:18.713  INFO 15404 --- [restartedMain] s.w.s.m.m.a.RequestMappingHandlerMapping : Mapped "{[/question/{id}],methods=[GET]}" onto public java.lang.String top.hiasenna.community.controller.QuestionController.question(java.lang.Long,org.springframework.ui.Model)
2020-02-04 10:49:18.738  INFO 15404 --- [restartedMain] o.s.w.s.handler.SimpleUrlHandlerMapping  : Mapped URL path [/webjars/**] onto handler of type [class org.springframework.web.servlet.resource.ResourceHttpRequestHandler]
2020-02-04 10:49:18.739  INFO 15404 --- [restartedMain] o.s.w.s.handler.SimpleUrlHandlerMapping  : Mapped URL path [/**] onto handler of type [class org.springframework.web.servlet.resource.ResourceHttpRequestHandler]
2020-02-04 10:49:18.756  INFO 15404 --- [restartedMain] .m.m.a.ExceptionHandlerExceptionResolver : Detected @ExceptionHandler methods in customizeExceptionHandler
2020-02-04 10:49:18.774  INFO 15404 --- [restartedMain] o.s.w.s.handler.SimpleUrlHandlerMapping  : Mapped URL path [/**/favicon.ico] onto handler of type [class org.springframework.web.servlet.resource.ResourceHttpRequestHandler]
2020-02-04 10:49:19.475  INFO 15404 --- [restartedMain] o.s.b.d.a.OptionalLiveReloadServer       : LiveReload server is running on port 35729
2020-02-04 10:49:19.512  INFO 15404 --- [restartedMain] o.s.j.e.a.AnnotationMBeanExporter        : Registering beans for JMX exposure on startup
2020-02-04 10:49:19.567  INFO 15404 --- [restartedMain] s.b.c.e.t.TomcatEmbeddedServletContainer : Tomcat started on port(s): 8887 (http)
2020-02-04 10:49:19.571  INFO 15404 --- [restartedMain] t.h.community.CommunityApplication       : Started CommunityApplication in 4.421 seconds (JVM running for 7.094)
2020-02-04 10:49:27.484  INFO 15404 --- [http-nio-8887-exec-1] o.a.c.c.C.[Tomcat].[localhost].[/]       : Initializing Spring FrameworkServlet 'dispatcherServlet'
2020-02-04 10:49:27.484  INFO 15404 --- [http-nio-8887-exec-1] o.s.web.servlet.DispatcherServlet        : FrameworkServlet 'dispatcherServlet': initialization started
2020-02-04 10:49:27.516  INFO 15404 --- [http-nio-8887-exec-1] o.s.web.servlet.DispatcherServlet        : FrameworkServlet 'dispatcherServlet': initialization completed in 32 ms
2020-02-04 10:49:27.714 DEBUG 15404 --- [http-nio-8887-exec-1] t.h.c.mapper.UserMapper.selectByExample  : ==>  Preparing: select ID, ACCOUNT_ID, NAME, TOKEN, GMT_CREATE, GMT_MODIFIED, BIO, AVATAR_URL from USER WHERE ( TOKEN = ? ) 
2020-02-04 10:49:27.732 DEBUG 15404 --- [http-nio-8887-exec-1] t.h.c.mapper.UserMapper.selectByExample  : ==> Parameters: 4e5c70ee-770a-4c21-be70-75f930bfb636(String)
2020-02-04 10:49:27.749 DEBUG 15404 --- [http-nio-8887-exec-1] t.h.c.mapper.UserMapper.selectByExample  : <==      Total: 1
2020-02-04 10:49:27.758 DEBUG 15404 --- [http-nio-8887-exec-1] t.h.c.m.N.countByExample                 : ==>  Preparing: select count(*) from NOTIFICATION WHERE ( RECEIVER = ? and STATUS = ? ) 
2020-02-04 10:49:27.759 DEBUG 15404 --- [http-nio-8887-exec-1] t.h.c.m.N.countByExample                 : ==> Parameters: 680(Long), 0(Integer)
2020-02-04 10:49:27.763 DEBUG 15404 --- [http-nio-8887-exec-1] t.h.c.m.N.countByExample                 : <==      Total: 1
2020-02-04 10:49:27.784 DEBUG 15404 --- [http-nio-8887-exec-1] t.h.c.m.QuestionExtMapper.countBySearch  : ==>  Preparing: select count(*) from QUESTION 
2020-02-04 10:49:27.784 DEBUG 15404 --- [http-nio-8887-exec-1] t.h.c.m.QuestionExtMapper.countBySearch  : ==> Parameters: 
2020-02-04 10:49:27.785 DEBUG 15404 --- [http-nio-8887-exec-1] t.h.c.m.QuestionExtMapper.countBySearch  : <==      Total: 1
2020-02-04 10:49:27.786 DEBUG 15404 --- [http-nio-8887-exec-1] t.h.c.m.Q.selectBySearch                 : ==>  Preparing: select * from QUESTION order by gmt_create desc limit ?,? 
2020-02-04 10:49:27.788 DEBUG 15404 --- [http-nio-8887-exec-1] t.h.c.m.Q.selectBySearch                 : ==> Parameters: 0(Integer), 4(Integer)
2020-02-04 10:49:27.793 DEBUG 15404 --- [http-nio-8887-exec-1] t.h.c.m.Q.selectBySearch                 : <==      Total: 4
2020-02-04 10:49:27.794 DEBUG 15404 --- [http-nio-8887-exec-1] t.h.c.m.UserMapper.selectByPrimaryKey    : ==>  Preparing: select ID, ACCOUNT_ID, NAME, TOKEN, GMT_CREATE, GMT_MODIFIED, BIO, AVATAR_URL from USER where ID = ? 
2020-02-04 10:49:27.795 DEBUG 15404 --- [http-nio-8887-exec-1] t.h.c.m.UserMapper.selectByPrimaryKey    : ==> Parameters: 680(Long)
2020-02-04 10:49:27.796 DEBUG 15404 --- [http-nio-8887-exec-1] t.h.c.m.UserMapper.selectByPrimaryKey    : <==      Total: 1
2020-02-04 10:49:27.803 DEBUG 15404 --- [http-nio-8887-exec-1] t.h.c.m.UserMapper.selectByPrimaryKey    : ==>  Preparing: select ID, ACCOUNT_ID, NAME, TOKEN, GMT_CREATE, GMT_MODIFIED, BIO, AVATAR_URL from USER where ID = ? 
2020-02-04 10:49:27.803 DEBUG 15404 --- [http-nio-8887-exec-1] t.h.c.m.UserMapper.selectByPrimaryKey    : ==> Parameters: 680(Long)
2020-02-04 10:49:27.803 DEBUG 15404 --- [http-nio-8887-exec-1] t.h.c.m.UserMapper.selectByPrimaryKey    : <==      Total: 1
2020-02-04 10:49:27.804 DEBUG 15404 --- [http-nio-8887-exec-1] t.h.c.m.UserMapper.selectByPrimaryKey    : ==>  Preparing: select ID, ACCOUNT_ID, NAME, TOKEN, GMT_CREATE, GMT_MODIFIED, BIO, AVATAR_URL from USER where ID = ? 
2020-02-04 10:49:27.804 DEBUG 15404 --- [http-nio-8887-exec-1] t.h.c.m.UserMapper.selectByPrimaryKey    : ==> Parameters: 680(Long)
2020-02-04 10:49:27.805 DEBUG 15404 --- [http-nio-8887-exec-1] t.h.c.m.UserMapper.selectByPrimaryKey    : <==      Total: 1
2020-02-04 10:49:27.805 DEBUG 15404 --- [http-nio-8887-exec-1] t.h.c.m.UserMapper.selectByPrimaryKey    : ==>  Preparing: select ID, ACCOUNT_ID, NAME, TOKEN, GMT_CREATE, GMT_MODIFIED, BIO, AVATAR_URL from USER where ID = ? 
2020-02-04 10:49:27.805 DEBUG 15404 --- [http-nio-8887-exec-1] t.h.c.m.UserMapper.selectByPrimaryKey    : ==> Parameters: 680(Long)
2020-02-04 10:49:27.806 DEBUG 15404 --- [http-nio-8887-exec-1] t.h.c.m.UserMapper.selectByPrimaryKey    : <==      Total: 1
2020-02-04 10:50:33.281  INFO 15404 --- [Thread-15] ationConfigEmbeddedWebApplicationContext : Closing org.springframework.boot.context.embedded.AnnotationConfigEmbeddedWebApplicationContext@55f48b02: startup date [Tue Feb 04 10:49:15 GMT+08:00 2020]; root of context hierarchy
2020-02-04 10:50:33.284  INFO 15404 --- [Thread-15] o.s.j.e.a.AnnotationMBeanExporter        : Unregistering JMX-exposed beans on shutdown
2020-02-04 10:50:35.048  INFO 15404 --- [restartedMain] t.h.community.CommunityApplication       : Starting CommunityApplication on LAPTOP-L0GNTSJI with PID 15404 (F:\java-study\code\target\classes started by zhanghaoyu in F:\java-study\code)
2020-02-04 10:50:35.048  INFO 15404 --- [restartedMain] t.h.community.CommunityApplication       : No active profile set, falling back to default profiles: default
2020-02-04 10:50:35.050  INFO 15404 --- [restartedMain] ationConfigEmbeddedWebApplicationContext : Refreshing org.springframework.boot.context.embedded.AnnotationConfigEmbeddedWebApplicationContext@2e0382ee: startup date [Tue Feb 04 10:50:35 GMT+08:00 2020]; root of context hierarchy
2020-02-04 10:50:35.689  INFO 15404 --- [restartedMain] s.b.c.e.t.TomcatEmbeddedServletContainer : Tomcat initialized with port(s): 8887 (http)
2020-02-04 10:50:35.689  INFO 15404 --- [restartedMain] o.apache.catalina.core.StandardService   : Starting service [Tomcat]
2020-02-04 10:50:35.690  INFO 15404 --- [restartedMain] org.apache.catalina.core.StandardEngine  : Starting Servlet Engine: Apache Tomcat/8.5.20
2020-02-04 10:50:35.741  INFO 15404 --- [localhost-startStop-1] o.a.c.c.C.[Tomcat].[localhost].[/]       : Initializing Spring embedded WebApplicationContext
2020-02-04 10:50:35.743  INFO 15404 --- [localhost-startStop-1] o.s.web.context.ContextLoader            : Root WebApplicationContext: initialization completed in 692 ms
2020-02-04 10:50:35.774  INFO 15404 --- [localhost-startStop-1] o.s.b.w.servlet.ServletRegistrationBean  : Mapping servlet: 'dispatcherServlet' to [/]
2020-02-04 10:50:35.774  INFO 15404 --- [localhost-startStop-1] o.s.b.w.servlet.ServletRegistrationBean  : Mapping servlet: 'webServlet' to [/h2-console/*]
2020-02-04 10:50:35.775  INFO 15404 --- [localhost-startStop-1] o.s.b.w.servlet.FilterRegistrationBean   : Mapping filter: 'characterEncodingFilter' to: [/*]
2020-02-04 10:50:35.775  INFO 15404 --- [localhost-startStop-1] o.s.b.w.servlet.FilterRegistrationBean   : Mapping filter: 'hiddenHttpMethodFilter' to: [/*]
2020-02-04 10:50:35.775  INFO 15404 --- [localhost-startStop-1] o.s.b.w.servlet.FilterRegistrationBean   : Mapping filter: 'httpPutFormContentFilter' to: [/*]
2020-02-04 10:50:35.775  INFO 15404 --- [localhost-startStop-1] o.s.b.w.servlet.FilterRegistrationBean   : Mapping filter: 'requestContextFilter' to: [/*]
2020-02-04 10:50:36.030  INFO 15404 --- [restartedMain] s.w.s.m.m.a.RequestMappingHandlerAdapter : Looking for @ControllerAdvice: org.springframework.boot.context.embedded.AnnotationConfigEmbeddedWebApplicationContext@2e0382ee: startup date [Tue Feb 04 10:50:35 GMT+08:00 2020]; root of context hierarchy
2020-02-04 10:50:36.037  INFO 15404 --- [restartedMain] s.w.s.m.m.a.RequestMappingHandlerMapping : Mapped "{[/callback],methods=[GET]}" onto public java.lang.String top.hiasenna.community.controller.AuthorizeController.callback(java.lang.String,java.lang.String,javax.servlet.http.HttpServletResponse)
2020-02-04 10:50:36.038  INFO 15404 --- [restartedMain] s.w.s.m.m.a.RequestMappingHandlerMapping : Mapped "{[/logout],methods=[GET]}" onto public java.lang.String top.hiasenna.community.controller.AuthorizeController.logout(javax.servlet.http.HttpServletRequest,javax.servlet.http.HttpServletResponse)
2020-02-04 10:50:36.038  INFO 15404 --- [restartedMain] s.w.s.m.m.a.RequestMappingHandlerMapping : Mapped "{[/comment/{id}],methods=[GET]}" onto public top.hiasenna.community.dto.ResultDTO<java.util.List> top.hiasenna.community.controller.CommentController.comments(java.lang.Long)
2020-02-04 10:50:36.039  INFO 15404 --- [restartedMain] s.w.s.m.m.a.RequestMappingHandlerMapping : Mapped "{[/comment],methods=[POST]}" onto public java.lang.Object top.hiasenna.community.controller.CommentController.post(top.hiasenna.community.dto.CommentCreateDTO,javax.servlet.http.HttpServletRequest)
2020-02-04 10:50:36.039  INFO 15404 --- [restartedMain] s.w.s.m.m.a.RequestMappingHandlerMapping : Mapped "{[/error],produces=[text/html]}" onto public org.springframework.web.servlet.ModelAndView top.hiasenna.community.controller.CustomizeErrorController.errorHtml(javax.servlet.http.HttpServletRequest,org.springframework.ui.Model)
2020-02-04 10:50:36.040  INFO 15404 --- [restartedMain] s.w.s.m.m.a.RequestMappingHandlerMapping : Mapped "{[/file/upload]}" onto public top.hiasenna.community.dto.FileDTO top.hiasenna.community.controller.FileController.upload(javax.servlet.http.HttpServletRequest)
2020-02-04 10:50:36.040  INFO 15404 --- [restartedMain] s.w.s.m.m.a.RequestMappingHandlerMapping : Mapped "{[/],methods=[GET]}" onto public java.lang.String top.hiasenna.community.controller.IndexController.index(javax.servlet.http.HttpServletRequest,org.springframework.ui.Model,java.lang.Integer,java.lang.Integer,java.lang.String)
2020-02-04 10:50:36.040  INFO 15404 --- [restartedMain] s.w.s.m.m.a.RequestMappingHandlerMapping : Mapped "{[/notification/{id}],methods=[GET]}" onto public java.lang.String top.hiasenna.community.controller.NotificationController.profile(javax.servlet.http.HttpServletRequest,java.lang.Long)
2020-02-04 10:50:36.041  INFO 15404 --- [restartedMain] s.w.s.m.m.a.RequestMappingHandlerMapping : Mapped "{[/profile/{action}],methods=[GET]}" onto public java.lang.String top.hiasenna.community.controller.ProfileController.profile(javax.servlet.http.HttpServletRequest,java.lang.String,org.springframework.ui.Model,java.lang.Integer,java.lang.Integer)
2020-02-04 10:50:36.041  INFO 15404 --- [restartedMain] s.w.s.m.m.a.RequestMappingHandlerMapping : Mapped "{[/publish],methods=[GET]}" onto public java.lang.String top.hiasenna.community.controller.PublishController.publish(org.springframework.ui.Model)
2020-02-04 10:50:36.042  INFO 15404 --- [restartedMain] s.w.s.m.m.a.RequestMappingHandlerMapping : Mapped "{[/publish],methods=[POST]}" onto public java.lang.String top.hiasenna.community.controller.PublishController.doPublish(java.lang.String,java.lang.String,java.lang.Long,java.lang.String,javax.servlet.http.HttpServletRequest,org.springframework.ui.Model)
2020-02-04 10:50:36.042  INFO 15404 --- [restartedMain] s.w.s.m.m.a.RequestMappingHandlerMapping : Mapped "{[/publish/{id}],methods=[GET]}" onto public java.lang.String top.hiasenna.community.controller.PublishController.edit(java.lang.Long,org.springframework.ui.Model)
2020-02-04 10:50:36.044  INFO 15404 --- [restartedMain] s.w.s.m.m.a.RequestMappingHandlerMapping : Mapped "{[/question/{id}],methods=[GET]}" onto public java.lang.String top.hiasenna.community.controller.QuestionController.question(java.lang.Long,org.springframework.ui.Model)
2020-02-04 10:50:36.051  INFO 15404 --- [restartedMain] o.s.w.s.handler.SimpleUrlHandlerMapping  : Mapped URL path [/webjars/**] onto handler of type [class org.springframework.web.servlet.resource.ResourceHttpRequestHandler]
2020-02-04 10:50:36.051  INFO 15404 --- [restartedMain] o.s.w.s.handler.SimpleUrlHandlerMapping  : Mapped URL path [/**] onto handler of type [class org.springframework.web.servlet.resource.ResourceHttpRequestHandler]
2020-02-04 10:50:36.058  INFO 15404 --- [restartedMain] .m.m.a.ExceptionHandlerExceptionResolver : Detected @ExceptionHandler methods in customizeExceptionHandler
2020-02-04 10:50:36.062  INFO 15404 --- [restartedMain] o.s.w.s.handler.SimpleUrlHandlerMapping  : Mapped URL path [/**/favicon.ico] onto handler of type [class org.springframework.web.servlet.resource.ResourceHttpRequestHandler]
2020-02-04 10:50:36.302  INFO 15404 --- [restartedMain] o.s.b.d.a.OptionalLiveReloadServer       : LiveReload server is running on port 35729
2020-02-04 10:50:36.343  INFO 15404 --- [restartedMain] o.s.j.e.a.AnnotationMBeanExporter        : Registering beans for JMX exposure on startup
2020-02-04 10:50:36.362  INFO 15404 --- [restartedMain] s.b.c.e.t.TomcatEmbeddedServletContainer : Tomcat started on port(s): 8887 (http)
2020-02-04 10:50:36.365  INFO 15404 --- [restartedMain] t.h.community.CommunityApplication       : Started CommunityApplication in 1.382 seconds (JVM running for 83.887)
